[ 总体流程 ]
* “凡所过往，皆为序章” 把之前章节都变为序章
* 鼠巢
	* 锁过去时间

[ SCPs ]
009 红冰
038 树
109 无限水
143 硬木
148 合金
216 保险箱
249 任意门
294 咖啡机
342 单程票
354 血池
402 产生逆模因水
408 幻象蝶
426 烤面包机
514 和平鸽
524 兔
529 半猫
571 复杂的线和涂鸦所组成的有着模因效应的图案
711 向过去未来枪
812 自动填水集装箱
914 machine
1048 teddy bear
1050 - 警世方尖碑
1056 大小改变器
1473 平行世界连接坑
1609 碎椅子
2616 大虫和小虫
3637 大水
4001 图书馆
4999 守望我等之人
5031 又一头杀人怪兽而已

[ SCP-CNs ]
985 考试鲨
1918 活体电梯
2002 怪谈漫游
2062 是。否。否。
2349 涨潮 逆模因
2458 cookie
2463 加速深蓝

[ 设 ]
* █ 按照正常时间读出，可按照原字扭曲
	* Mekhane（μηχανή） 给出可读方式

[ 1-2 ]
允许打破墙；同名攻击
彩蛋：“没有 Regex 功能”
无限复生恶灵
可以趁乱
黑暗房间
25 蜡烛附身
噪音
非本体 添加幻象
本体隐形
